# JRE version: Java(TM) SE Runtime Environment (8.0_31-b13) (build 1.8.0_31-b13)
# Java VM: Java HotSpot(TM) 64-Bit Server VM (25.31-b07 mixed mode windows-amd64 compressed oops)
Heap:
 PSYoungGen      total 261632K, used 19851K [0x00000000e0000000, 0x00000000f7280000, 0x0000000100000000)
  eden space 238592K, 8% used [0x00000000e0000000,0x00000000e1362f18,0x00000000ee900000)
  from space 23040K, 0% used [0x00000000ee900000,0x00000000ee900000,0x00000000eff80000)
  to   space 23040K, 0% used [0x00000000f5c00000,0x00000000f5c00000,0x00000000f7280000)
 ParOldGen       total 136192K, used 50387K [0x00000000a0000000, 0x00000000a8500000, 0x00000000e0000000)
  object space 136192K, 36% used [0x00000000a0000000,0x00000000a3134c00,0x00000000a8500000)
 Metaspace       used 56933K, capacity 59436K, committed 59544K, reserved 1099776K
  class space    used 7955K, capacity 8574K, committed 8624K, reserved 1048576K
GC Heap History (10 events):
Event: 29.160 GC heap before
{Heap before GC invocations=10 (full 2):
 PSYoungGen      total 122880K, used 111104K [0x00000000e0000000, 0x00000000ed580000, 0x0000000100000000)
  eden space 111104K, 100% used [0x00000000e0000000,0x00000000e6c80000,0x00000000e6c80000)
  from space 11776K, 0% used [0x00000000e6c80000,0x00000000e6c80000,0x00000000e7800000)
  to   space 11776K, 0% used [0x00000000eca00000,0x00000000eca00000,0x00000000ed580000)
 ParOldGen       total 136192K, used 16194K [0x00000000a0000000, 0x00000000a8500000, 0x00000000e0000000)
  object space 136192K, 11% used [0x00000000a0000000,0x00000000a0fd09e0,0x00000000a8500000)
 Metaspace       used 41942K, capacity 42892K, committed 43184K, reserved 1087488K
  class space    used 5757K, capacity 6058K, committed 6064K, reserved 1048576K
Event: 29.188 GC heap after
Heap after GC invocations=10 (full 2):
 PSYoungGen      total 193024K, used 11748K [0x00000000e0000000, 0x00000000ed580000, 0x0000000100000000)
  eden space 181248K, 0% used [0x00000000e0000000,0x00000000e0000000,0x00000000eb100000)
  from space 11776K, 99% used [0x00000000eca00000,0x00000000ed579280,0x00000000ed580000)
  to   space 12800K, 0% used [0x00000000ebc80000,0x00000000ebc80000,0x00000000ec900000)
 ParOldGen       total 136192K, used 16634K [0x00000000a0000000, 0x00000000a8500000, 0x00000000e0000000)
  object space 136192K, 12% used [0x00000000a0000000,0x00000000a103e9f8,0x00000000a8500000)
 Metaspace       used 41942K, capacity 42892K, committed 43184K, reserved 1087488K
  class space    used 5757K, capacity 6058K, committed 6064K, reserved 1048576K
}
Event: 39.103 GC heap before
{Heap before GC invocations=11 (full 2):
 PSYoungGen      total 193024K, used 192996K [0x00000000e0000000, 0x00000000ed580000, 0x0000000100000000)
  eden space 181248K, 100% used [0x00000000e0000000,0x00000000eb100000,0x00000000eb100000)
  from space 11776K, 99% used [0x00000000eca00000,0x00000000ed579280,0x00000000ed580000)
  to   space 12800K, 0% used [0x00000000ebc80000,0x00000000ebc80000,0x00000000ec900000)
 ParOldGen       total 136192K, used 16634K [0x00000000a0000000, 0x00000000a8500000, 0x00000000e0000000)
  object space 136192K, 12% used [0x00000000a0000000,0x00000000a103e9f8,0x00000000a8500000)
 Metaspace       used 49129K, capacity 50580K, committed 50736K, reserved 1093632K
  class space    used 6723K, capacity 7138K, committed 7216K, reserved 1048576K
Event: 39.151 GC heap after
Heap after GC invocations=11 (full 2):
 PSYoungGen      total 205824K, used 12773K [0x00000000e0000000, 0x00000000f0f00000, 0x0000000100000000)
  eden space 193024K, 0% used [0x00000000e0000000,0x00000000e0000000,0x00000000ebc80000)
  from space 12800K, 99% used [0x00000000ebc80000,0x00000000ec8f9710,0x00000000ec900000)
  to   space 15872K, 0% used [0x00000000eff80000,0x00000000eff80000,0x00000000f0f00000)
 ParOldGen       total 136192K, used 21314K [0x00000000a0000000, 0x00000000a8500000, 0x00000000e0000000)
  object space 136192K, 15% used [0x00000000a0000000,0x00000000a14d0a38,0x00000000a8500000)
 Metaspace       used 49129K, capacity 50580K, committed 50736K, reserved 1093632K
  class space    used 6723K, capacity 7138K, committed 7216K, reserved 1048576K
}
Event: 45.007 GC heap before
{Heap before GC invocations=12 (full 2):
 PSYoungGen      total 205824K, used 205797K [0x00000000e0000000, 0x00000000f0f00000, 0x0000000100000000)
  eden space 193024K, 100% used [0x00000000e0000000,0x00000000ebc80000,0x00000000ebc80000)
  from space 12800K, 99% used [0x00000000ebc80000,0x00000000ec8f9710,0x00000000ec900000)
  to   space 15872K, 0% used [0x00000000eff80000,0x00000000eff80000,0x00000000f0f00000)
 ParOldGen       total 136192K, used 21314K [0x00000000a0000000, 0x00000000a8500000, 0x00000000e0000000)
  object space 136192K, 15% used [0x00000000a0000000,0x00000000a14d0a38,0x00000000a8500000)
 Metaspace       used 55388K, capacity 57840K, committed 58032K, reserved 1099776K
  class space    used 7746K, capacity 8318K, committed 8368K, reserved 1048576K
Event: 45.077 GC heap after
Heap after GC invocations=12 (full 2):
 PSYoungGen      total 254464K, used 15843K [0x00000000e0000000, 0x00000000f2d80000, 0x0000000100000000)
  eden space 238592K, 0% used [0x00000000e0000000,0x00000000e0000000,0x00000000ee900000)
  from space 15872K, 99% used [0x00000000eff80000,0x00000000f0ef8ff8,0x00000000f0f00000)
  to   space 23040K, 0% used [0x00000000ee900000,0x00000000ee900000,0x00000000eff80000)
 ParOldGen       total 136192K, used 36629K [0x00000000a0000000, 0x00000000a8500000, 0x00000000e0000000)
  object space 136192K, 26% used [0x00000000a0000000,0x00000000a23c5610,0x00000000a8500000)
 Metaspace       used 55388K, capacity 57840K, committed 58032K, reserved 1099776K
  class space    used 7746K, capacity 8318K, committed 8368K, reserved 1048576K
}
Event: 47.161 GC heap before
{Heap before GC invocations=13 (full 2):
 PSYoungGen      total 254464K, used 85840K [0x00000000e0000000, 0x00000000f2d80000, 0x0000000100000000)
  eden space 238592K, 29% used [0x00000000e0000000,0x00000000e445b118,0x00000000ee900000)
  from space 15872K, 99% used [0x00000000eff80000,0x00000000f0ef8ff8,0x00000000f0f00000)
  to   space 23040K, 0% used [0x00000000ee900000,0x00000000ee900000,0x00000000eff80000)
 ParOldGen       total 136192K, used 36629K [0x00000000a0000000, 0x00000000a8500000, 0x00000000e0000000)
  object space 136192K, 26% used [0x00000000a0000000,0x00000000a23c5610,0x00000000a8500000)
 Metaspace       used 56441K, capacity 58908K, committed 59160K, reserved 1099776K
  class space    used 7903K, capacity 8467K, committed 8496K, reserved 1048576K
Event: 47.213 GC heap after
Heap after GC invocations=13 (full 2):
 PSYoungGen      total 261632K, used 7929K [0x00000000e0000000, 0x00000000f7280000, 0x0000000100000000)
  eden space 238592K, 0% used [0x00000000e0000000,0x00000000e0000000,0x00000000ee900000)
  from space 23040K, 34% used [0x00000000ee900000,0x00000000ef0be440,0x00000000eff80000)
  to   space 23040K, 0% used [0x00000000f5c00000,0x00000000f5c00000,0x00000000f7280000)
 ParOldGen       total 136192K, used 52512K [0x00000000a0000000, 0x00000000a8500000, 0x00000000e0000000)
  object space 136192K, 38% used [0x00000000a0000000,0x00000000a3348048,0x00000000a8500000)
 Metaspace       used 56441K, capacity 58908K, committed 59160K, reserved 1099776K
  class space    used 7903K, capacity 8467K, committed 8496K, reserved 1048576K
}
Event: 47.213 GC heap before
{Heap before GC invocations=14 (full 3):
 PSYoungGen      total 261632K, used 7929K [0x00000000e0000000, 0x00000000f7280000, 0x0000000100000000)
  eden space 238592K, 0% used [0x00000000e0000000,0x00000000e0000000,0x00000000ee900000)
  from space 23040K, 34% used [0x00000000ee900000,0x00000000ef0be440,0x00000000eff80000)
  to   space 23040K, 0% used [0x00000000f5c00000,0x00000000f5c00000,0x00000000f7280000)
 ParOldGen       total 136192K, used 52512K [0x00000000a0000000, 0x00000000a8500000, 0x00000000e0000000)
  object space 136192K, 38% used [0x00000000a0000000,0x00000000a3348048,0x00000000a8500000)
 Metaspace       used 56441K, capacity 58908K, committed 59160K, reserved 1099776K
  class space    used 7903K, capacity 8467K, committed 8496K, reserved 1048576K
Event: 47.722 GC heap after
Heap after GC invocations=14 (full 3):
 PSYoungGen      total 261632K, used 0K [0x00000000e0000000, 0x00000000f7280000, 0x0000000100000000)
  eden space 238592K, 0% used [0x00000000e0000000,0x00000000e0000000,0x00000000ee900000)
  from space 23040K, 0% used [0x00000000ee900000,0x00000000ee900000,0x00000000eff80000)
  to   space 23040K, 0% used [0x00000000f5c00000,0x00000000f5c00000,0x00000000f7280000)
 ParOldGen       total 136192K, used 50387K [0x00000000a0000000, 0x00000000a8500000, 0x00000000e0000000)
  object space 136192K, 36% used [0x00000000a0000000,0x00000000a3134c00,0x00000000a8500000)
 Metaspace       used 56441K, capacity 58908K, committed 59160K, reserved 1099776K
  class space    used 7903K, capacity 8467K, committed 8496K, reserved 1048576K
}

